<?xml version="1.0" encoding="UTF-8" standalone="no"?>
<testsuite errors="0" failures="1" name="io.cucumber.core.plugin.JUnitFormatter" skipped="0" tests="11" time="944.215">
    <testcase classname="Amazonda Urun Arama" name="TC07_kullanici amazonda dropdown ve aramakutusu kullanarak arama yapar" time="207.122">
        <failure message="Failed to instantiate class stepdefinitions.AmazonStepDefinitions" type="io.cucumber.core.exception.CucumberException"><![CDATA[Given kullanici "http://amazon.com" sayfasina gider.........................failed
And kullanici dropdownda "Automotive" secer.................................skipped
And kullanici aramakutusuna "phone holder" yazar ve arar....................skipped
Then kullanici sonuc sayisini ekrana yazdirir...............................skipped

StackTrace:
io.cucumber.core.exception.CucumberException: Failed to instantiate class stepdefinitions.AmazonStepDefinitions
	at io.cucumber.core.runtime.ObjectFactoryServiceLoader$DefaultJavaObjectFactory.cacheNewInstance(ObjectFactoryServiceLoader.java:135)
	at io.cucumber.core.runtime.ObjectFactoryServiceLoader$DefaultJavaObjectFactory.getInstance(ObjectFactoryServiceLoader.java:121)
	at io.cucumber.java.JavaStepDefinition.execute(JavaStepDefinition.java:27)
	at io.cucumber.core.runner.PickleStepDefinitionMatch.runStep(PickleStepDefinitionMatch.java:63)
	at io.cucumber.core.runner.TestStep.executeStep(TestStep.java:64)
	at io.cucumber.core.runner.TestStep.run(TestStep.java:49)
	at io.cucumber.core.runner.PickleStepTestStep.run(PickleStepTestStep.java:46)
	at io.cucumber.core.runner.TestCase.run(TestCase.java:51)
	at io.cucumber.core.runner.Runner.runPickle(Runner.java:67)
	at io.cucumber.junit.PickleRunners$NoStepDescriptions.run(PickleRunners.java:149)
	at io.cucumber.junit.FeatureRunner.runChild(FeatureRunner.java:83)
	at io.cucumber.junit.FeatureRunner.runChild(FeatureRunner.java:24)
	at org.junit.runners.ParentRunner$4.run(ParentRunner.java:331)
	at org.junit.runners.ParentRunner$1.schedule(ParentRunner.java:79)
	at org.junit.runners.ParentRunner.runChildren(ParentRunner.java:329)
	at org.junit.runners.ParentRunner.access$100(ParentRunner.java:66)
	at org.junit.runners.ParentRunner$2.evaluate(ParentRunner.java:293)
	at org.junit.runners.ParentRunner$3.evaluate(ParentRunner.java:306)
	at org.junit.runners.ParentRunner.run(ParentRunner.java:413)
	at io.cucumber.junit.Cucumber.runChild(Cucumber.java:185)
	at io.cucumber.junit.Cucumber.runChild(Cucumber.java:83)
	at org.junit.runners.ParentRunner$4.run(ParentRunner.java:331)
	at org.apache.maven.surefire.junitcore.pc.Scheduler$1.run(Scheduler.java:405)
	at org.apache.maven.surefire.junitcore.pc.InvokerStrategy.schedule(InvokerStrategy.java:54)
	at org.apache.maven.surefire.junitcore.pc.Scheduler.schedule(Scheduler.java:362)
	at org.junit.runners.ParentRunner.runChildren(ParentRunner.java:329)
	at org.junit.runners.ParentRunner.access$100(ParentRunner.java:66)
	at org.junit.runners.ParentRunner$2.evaluate(ParentRunner.java:293)
	at io.cucumber.junit.Cucumber$RunCucumber.evaluate(Cucumber.java:219)
	at org.junit.runners.ParentRunner$3.evaluate(ParentRunner.java:306)
	at org.junit.runners.ParentRunner.run(ParentRunner.java:413)
	at org.junit.runners.Suite.runChild(Suite.java:128)
	at org.junit.runners.Suite.runChild(Suite.java:27)
	at org.junit.runners.ParentRunner$4.run(ParentRunner.java:331)
	at org.apache.maven.surefire.junitcore.pc.Scheduler$1.run(Scheduler.java:405)
	at java.base/java.util.concurrent.Executors$RunnableAdapter.call(Executors.java:515)
	at java.base/java.util.concurrent.FutureTask.run(FutureTask.java:264)
	at java.base/java.util.concurrent.ThreadPoolExecutor.runWorker(ThreadPoolExecutor.java:1130)
	at java.base/java.util.concurrent.ThreadPoolExecutor$Worker.run(ThreadPoolExecutor.java:630)
	at java.base/java.lang.Thread.run(Thread.java:832)
Caused by: java.lang.reflect.InvocationTargetException
	at java.base/jdk.internal.reflect.NativeConstructorAccessorImpl.newInstance0(Native Method)
	at java.base/jdk.internal.reflect.NativeConstructorAccessorImpl.newInstance(NativeConstructorAccessorImpl.java:62)
	at java.base/jdk.internal.reflect.DelegatingConstructorAccessorImpl.newInstance(DelegatingConstructorAccessorImpl.java:45)
	at java.base/java.lang.reflect.Constructor.newInstanceWithCaller(Constructor.java:500)
	at java.base/java.lang.reflect.Constructor.newInstance(Constructor.java:481)
	at io.cucumber.core.runtime.ObjectFactoryServiceLoader$DefaultJavaObjectFactory.cacheNewInstance(ObjectFactoryServiceLoader.java:129)
	... 39 more
Caused by: org.openqa.selenium.WebDriverException: chrome not reachable
Build info: version: '3.141.59', revision: 'e82be7d358', time: '2018-11-14T08:17:03'
System info: host: 'MSTFs-MBP', ip: '192.168.1.39', os.name: 'Mac OS X', os.arch: 'x86_64', os.version: '10.15.6', java.version: '14.0.1'
Driver info: driver.version: Driver
remote stacktrace: 0   chromedriver                        0x000000010f3b61b9 chromedriver + 4911545
1   chromedriver                        0x000000010f355e03 chromedriver + 4517379
2   chromedriver                        0x000000010efc3c36 chromedriver + 773174
3   chromedriver                        0x000000010efb3519 chromedriver + 705817
4   chromedriver                        0x000000010ef1f349 chromedriver + 99145
5   chromedriver                        0x000000010ef1bd6f chromedriver + 85359
6   chromedriver                        0x000000010ef4a716 chromedriver + 276246
7   chromedriver                        0x000000010ef47723 chromedriver + 263971
8   chromedriver                        0x000000010ef21720 chromedriver + 108320
9   chromedriver                        0x000000010ef22693 chromedriver + 112275
10  chromedriver                        0x000000010f37ef72 chromedriver + 4685682
11  chromedriver                        0x000000010f38cb3a chromedriver + 4741946
12  chromedriver                        0x000000010f38c801 chromedriver + 4741121
13  chromedriver                        0x000000010f36225e chromedriver + 4567646
14  chromedriver                        0x000000010f38d061 chromedriver + 4743265
15  chromedriver                        0x000000010f373d0a chromedriver + 4640010
16  chromedriver                        0x000000010f3a60ba chromedriver + 4845754
17  chromedriver                        0x000000010f3bc387 chromedriver + 4936583
18  libsystem_pthread.dylib             0x00007fff70fde109 _pthread_start + 148
19  libsystem_pthread.dylib             0x00007fff70fd9b8b thread_start + 15

	at java.base/jdk.internal.reflect.NativeConstructorAccessorImpl.newInstance0(Native Method)
	at java.base/jdk.internal.reflect.NativeConstructorAccessorImpl.newInstance(NativeConstructorAccessorImpl.java:62)
	at java.base/jdk.internal.reflect.DelegatingConstructorAccessorImpl.newInstance(DelegatingConstructorAccessorImpl.java:45)
	at java.base/java.lang.reflect.Constructor.newInstanceWithCaller(Constructor.java:500)
	at java.base/java.lang.reflect.Constructor.newInstance(Constructor.java:481)
	at org.openqa.selenium.remote.W3CHandshakeResponse.lambda$errorHandler$0(W3CHandshakeResponse.java:62)
	at org.openqa.selenium.remote.HandshakeResponse.lambda$getResponseFunction$0(HandshakeResponse.java:30)
	at org.openqa.selenium.remote.ProtocolHandshake.lambda$createSession$0(ProtocolHandshake.java:126)
	at java.base/java.util.stream.ReferencePipeline$3$1.accept(ReferencePipeline.java:195)
	at java.base/java.util.Spliterators$ArraySpliterator.tryAdvance(Spliterators.java:958)
	at java.base/java.util.stream.ReferencePipeline.forEachWithCancel(ReferencePipeline.java:127)
	at java.base/java.util.stream.AbstractPipeline.copyIntoWithCancel(AbstractPipeline.java:502)
	at java.base/java.util.stream.AbstractPipeline.copyInto(AbstractPipeline.java:488)
	at java.base/java.util.stream.AbstractPipeline.wrapAndCopyInto(AbstractPipeline.java:474)
	at java.base/java.util.stream.FindOps$FindOp.evaluateSequential(FindOps.java:150)
	at java.base/java.util.stream.AbstractPipeline.evaluate(AbstractPipeline.java:234)
	at java.base/java.util.stream.ReferencePipeline.findFirst(ReferencePipeline.java:543)
	at org.openqa.selenium.remote.ProtocolHandshake.createSession(ProtocolHandshake.java:128)
	at org.openqa.selenium.remote.ProtocolHandshake.createSession(ProtocolHandshake.java:74)
	at org.openqa.selenium.remote.HttpCommandExecutor.execute(HttpCommandExecutor.java:136)
	at org.openqa.selenium.remote.service.DriverCommandExecutor.execute(DriverCommandExecutor.java:83)
	at org.openqa.selenium.remote.RemoteWebDriver.execute(RemoteWebDriver.java:552)
	at org.openqa.selenium.remote.RemoteWebDriver.startSession(RemoteWebDriver.java:213)
	at org.openqa.selenium.remote.RemoteWebDriver.<init>(RemoteWebDriver.java:131)
	at org.openqa.selenium.chrome.ChromeDriver.<init>(ChromeDriver.java:181)
	at org.openqa.selenium.chrome.ChromeDriver.<init>(ChromeDriver.java:168)
	at org.openqa.selenium.chrome.ChromeDriver.<init>(ChromeDriver.java:123)
	at utilities.Driver.getDriver(Driver.java:29)
	at pages.AmazonPage.<init>(AmazonPage.java:8)
	at stepdefinitions.AmazonStepDefinitions.<init>(AmazonStepDefinitions.java:9)
	... 45 more
]]></failure>
    </testcase>
    <testcase classname="Amazonda Urun Arama" name="TC07_kullanici amazonda dropdown ve aramakutusu kullanarak arama yapar 2" time="120.665">
        <system-out><![CDATA[Given kullanici "http://amazon.com" sayfasina gider.........................passed
And kullanici dropdownda "Baby" secer.......................................passed
And kullanici aramakutusuna "stroller" yazar ve arar........................passed
Then kullanici sonuc sayisini ekrana yazdirir...............................passed
]]></system-out>
    </testcase>
    <testcase classname="Amazonda Urun Arama" name="TC07_kullanici amazonda dropdown ve aramakutusu kullanarak arama yapar 3" time="33.437">
        <system-out><![CDATA[Given kullanici "http://amazon.com" sayfasina gider.........................passed
And kullanici dropdownda "Books" secer......................................passed
And kullanici aramakutusuna "Miserables" yazar ve arar......................passed
Then kullanici sonuc sayisini ekrana yazdirir...............................passed
]]></system-out>
    </testcase>
    <testcase classname="Amazon Arama" name="TC02_kullanici amazonda arama yapar" time="24.568">
        <system-out><![CDATA[Given kullanici amazon sayfasina gider......................................passed
And kullanici aramakutusuna headphones yazar ve arar........................passed
Then kullanici sonuc sayisini ekrana yazdirir...............................passed
]]></system-out>
    </testcase>
    <testcase classname="Amazon Arama" name="TC03_kullanici amazonda arama yapar" time="48.361">
        <system-out><![CDATA[Given kullanici amazon sayfasina gider......................................passed
And kullanici aramakutusuna camera yazar ve arar............................passed
Then kullanici sonuc sayisini ekrana yazdirir...............................passed
]]></system-out>
    </testcase>
    <testcase classname="Amazon Birden Fazla Arama" name="TC05_kullanici amazonda urun arar" time="79.982">
        <system-out><![CDATA[Given kullanici amazon sayfasina gider......................................passed
And kullanici aramakutusuna "headphones" yazar ve arar......................passed
Then kullanici sonuc sayisini ekrana yazdirir...............................passed
]]></system-out>
    </testcase>
    <testcase classname="Amazon Birden Fazla Arama" name="TC05_kullanici amazonda urun arar 2" time="72.139">
        <system-out><![CDATA[Given kullanici amazon sayfasina gider......................................passed
And kullanici aramakutusuna "camera" yazar ve arar..........................passed
Then kullanici sonuc sayisini ekrana yazdirir...............................passed
]]></system-out>
    </testcase>
    <testcase classname="Amazon Birden Fazla Arama" name="TC05_kullanici amazonda urun arar 3" time="77.688">
        <system-out><![CDATA[Given kullanici amazon sayfasina gider......................................passed
And kullanici aramakutusuna "drone" yazar ve arar...........................passed
Then kullanici sonuc sayisini ekrana yazdirir...............................passed
]]></system-out>
    </testcase>
    <testcase classname="Amazon Birden Fazla Arama" name="TC05_kullanici amazonda urun arar 4" time="115.791">
        <system-out><![CDATA[Given kullanici amazon sayfasina gider......................................passed
And kullanici aramakutusuna "pencil" yazar ve arar..........................passed
Then kullanici sonuc sayisini ekrana yazdirir...............................passed
]]></system-out>
    </testcase>
    <testcase classname="Amazon Birden Fazla Arama" name="TC05_kullanici amazonda urun arar 5" time="56.421">
        <system-out><![CDATA[Given kullanici amazon sayfasina gider......................................passed
And kullanici aramakutusuna "tv" yazar ve arar..............................passed
Then kullanici sonuc sayisini ekrana yazdirir...............................passed
]]></system-out>
    </testcase>
    <testcase classname="Amazon Urun Arama" name="TC04_kullanici amazonda urun aramasi yapar" time="106.672">
        <system-out><![CDATA[Given kullanici amazon sayfasina gider......................................passed
And kullanici aramakutusuna "drone" yazar ve arar...........................passed
Then kullanici sonuc sayisini ekrana yazdirir...............................passed
]]></system-out>
    </testcase>
</testsuite>
'14.0.1'
Driver info: driver.version: Driver
remote stacktrace: 0   chromedriver                        0x0000000106dcf1b9 chromedriver + 4911545
1   chromedriver                        0x0000000106d6ee03 chromedriver + 4517379
2   chromedriver                        0x00000001069dcdc6 chromedriver + 773574
3   chromedriver                        0x0000000106937a66 chromedriver + 96870
4   chromedriver                        0x0000000106934cd6 chromedriver + 85206
5   chromedriver                        0x0000000106963716 chromedriver + 276246
6   chromedriver                        0x0000000106960723 chromedriver + 263971
7   chromedriver                        0x000000010693a720 chromedriver + 108320
8   chromedriver                        0x000000010693b693 chromedriver + 112275
9   chromedriver                        0x0000000106d97f72 chromedriver + 4685682
10  chromedriver                        0x0000000106da5b3a chromedriver + 4741946
11  chromedriver                        0x0000000106da5801 chromedriver + 4741121
12  chromedriver                        0x0000000106d7b25e chromedriver + 4567646
13  chromedriver                        0x0000000106da6061 chromedriver + 4743265
14  chromedriver                        0x0000000106d8cd0a chromedriver + 4640010
15  chromedriver                        0x0000000106dbf0ba chromedriver + 4845754
16  chromedriver                        0x0000000106dd5387 chromedriver + 4936583
17  libsystem_pthread.dylib             0x00007fff70fde109 _pthread_start + 148
18  libsystem_pthread.dylib             0x00007fff70fd9b8b thread_start + 15

	at java.base/jdk.internal.reflect.NativeConstructorAccessorImpl.newInstance0(Native Method)
	at java.base/jdk.internal.reflect.NativeConstructorAccessorImpl.newInstance(NativeConstructorAccessorImpl.java:62)
	at java.base/jdk.internal.reflect.DelegatingConstructorAccessorImpl.newInstance(DelegatingConstructorAccessorImpl.java:45)
	at java.base/java.lang.reflect.Constructor.newInstanceWithCaller(Constructor.java:500)
	at java.base/java.lang.reflect.Constructor.newInstance(Constructor.java:481)
	at org.openqa.selenium.remote.W3CHandshakeResponse.lambda$errorHandler$0(W3CHandshakeResponse.java:62)
	at org.openqa.selenium.remote.HandshakeResponse.lambda$getResponseFunction$0(HandshakeResponse.java:30)
	at org.openqa.selenium.remote.ProtocolHandshake.lambda$createSession$0(ProtocolHandshake.java:126)
	at java.base/java.util.stream.ReferencePipeline$3$1.accept(ReferencePipeline.java:195)
	at java.base/java.util.Spliterators$ArraySpliterator.tryAdvance(Spliterators.java:958)
	at java.base/java.util.stream.ReferencePipeline.forEachWithCancel(ReferencePipeline.java:127)
	at java.base/java.util.stream.AbstractPipeline.copyIntoWithCancel(AbstractPipeline.java:502)
	at java.base/java.util.stream.AbstractPipeline.copyInto(AbstractPipeline.java:488)
	at java.base/java.util.stream.AbstractPipeline.wrapAndCopyInto(AbstractPipeline.java:474)
	at java.base/java.util.stream.FindOps$FindOp.evaluateSequential(FindOps.java:150)
	at java.base/java.util.stream.AbstractPipeline.evaluate(AbstractPipeline.java:234)
	at java.base/java.util.stream.ReferencePipeline.findFirst(ReferencePipeline.java:543)
	at org.openqa.selenium.remote.ProtocolHandshake.createSession(ProtocolHandshake.java:128)
	at org.openqa.selenium.remote.ProtocolHandshake.createSession(ProtocolHandshake.java:74)
	at org.openqa.selenium.remote.HttpCommandExecutor.execute(HttpCommandExecutor.java:136)
	at org.openqa.selenium.remote.service.DriverCommandExecutor.execute(DriverCommandExecutor.java:83)
	at org.openqa.selenium.remote.RemoteWebDriver.execute(RemoteWebDriver.java:552)
	at org.openqa.selenium.remote.RemoteWebDriver.startSession(RemoteWebDriver.java:213)
	at org.openqa.selenium.remote.RemoteWebDriver.<init>(RemoteWebDriver.java:131)
	at org.openqa.selenium.chrome.ChromeDriver.<init>(ChromeDriver.java:181)
	at org.openqa.selenium.chrome.ChromeDriver.<init>(ChromeDriver.java:168)
	at org.openqa.selenium.chrome.ChromeDriver.<init>(ChromeDriver.java:123)
	at utilities.Driver.getDriver(Driver.java:29)
	at pages.AmazonPage.<init>(AmazonPage.java:8)
	at stepdefinitions.AmazonStepDefinitions.<init>(AmazonStepDefinitions.java:9)
	... 45 more
]]></failure>
    </testcase>
    <testcase classname="Walmart Urun Arama" name="TC08_kullanici walmartta urun arar 3" time="215.475">
        <failure message="Failed to instantiate class stepdefinitions.AmazonStepDefinitions" type="io.cucumber.core.exception.CucumberException"><![CDATA[Given kullanici "https://walmart.com" sayfasina gider.......................failed
And kullanici walmart aramakutusuna "flower" yazar ve arar..................skipped
Then kullanici walmart sonuc sayisini ekrana yazdirir.......................skipped

StackTrace:
io.cucumber.core.exception.CucumberException: Failed to instantiate class stepdefinitions.AmazonStepDefinitions
	at io.cucumber.core.runtime.ObjectFactoryServiceLoader$DefaultJavaObjectFactory.cacheNewInstance(ObjectFactoryServiceLoader.java:135)
	at io.cucumber.core.runtime.ObjectFactoryServiceLoader$DefaultJavaObjectFactory.getInstance(ObjectFactoryServiceLoader.java:121)
	at io.cucumber.java.JavaStepDefinition.execute(JavaStepDefinition.java:27)
	at io.cucumber.core.runner.PickleStepDefinitionMatch.runStep(PickleStepDefinitionMatch.java:63)
	at io.cucumber.core.runner.TestStep.executeStep(TestStep.java:64)
	at io.cucumber.core.runner.TestStep.run(TestStep.java:49)
	at io.cucumber.core.runner.PickleStepTestStep.run(PickleStepTestStep.java:46)
	at io.cucumber.core.runner.TestCase.run(TestCase.java:51)
	at io.cucumber.core.runner.Runner.runPickle(Runner.java:67)
	at io.cucumber.junit.PickleRunners$NoStepDescriptions.run(PickleRunners.java:149)
	at io.cucumber.junit.FeatureRunner.runChild(FeatureRunner.java:83)
	at io.cucumber.junit.FeatureRunner.runChild(FeatureRunner.java:24)
	at org.junit.runners.ParentRunner$4.run(ParentRunner.java:331)
	at org.junit.runners.ParentRunner$1.schedule(ParentRunner.java:79)
	at org.junit.runners.ParentRunner.runChildren(ParentRunner.java:329)
	at org.junit.runners.ParentRunner.access$100(ParentRunner.java:66)
	at org.junit.runners.ParentRunner$2.evaluate(ParentRunner.java:293)
	at org.junit.runners.ParentRunner$3.evaluate(ParentRunner.java:306)
	at org.junit.runners.ParentRunner.run(ParentRunner.java:413)
	at io.cucumber.junit.Cucumber.runChild(Cucumber.java:185)
	at io.cucumber.junit.Cucumber.runChild(Cucumber.java:83)
	at org.junit.runners.ParentRunner$4.run(ParentRunner.java:331)
	at org.apache.maven.surefire.junitcore.pc.Scheduler$1.run(Scheduler.java:405)
	at org.apache.maven.surefire.junitcore.pc.InvokerStrategy.schedule(InvokerStrategy.java:54)
	at org.apache.maven.surefire.junitcore.pc.Scheduler.schedule(Scheduler.java:362)
	at org.junit.runners.ParentRunner.runChildren(ParentRunner.java:329)
	at org.junit.runners.ParentRunner.access$100(ParentRunner.java:66)
	at org.junit.runners.ParentRunner$2.evaluate(ParentRunner.java:293)
	at io.cucumber.junit.Cucumber$RunCucumber.evaluate(Cucumber.java:219)
	at org.junit.runners.ParentRunner$3.evaluate(ParentRunner.java:306)
	at org.junit.runners.ParentRunner.run(ParentRunner.java:413)
	at org.junit.runners.Suite.runChild(Suite.java:128)
	at org.junit.runners.Suite.runChild(Suite.java:27)
	at org.junit.runners.ParentRunner$4.run(ParentRunner.java:331)
	at org.apache.maven.surefire.junitcore.pc.Scheduler$1.run(Scheduler.java:405)
	at java.base/java.util.concurrent.Executors$RunnableAdapter.call(Executors.java:515)
	at java.base/java.util.concurrent.FutureTask.run(FutureTask.java:264)
	at java.base/java.util.concurrent.ThreadPoolExecutor.runWorker(ThreadPoolExecutor.java:1130)
	at java.base/java.util.concurrent.ThreadPoolExecutor$Worker.run(ThreadPoolExecutor.java:630)
	at java.base/java.lang.Thread.run(Thread.java:832)
Caused by: java.lang.reflect.InvocationTargetException
	at java.base/jdk.internal.reflect.NativeConstructorAccessorImpl.newInstance0(Native Method)
	at java.base/jdk.internal.reflect.NativeConstructorAccessorImpl.newInstance(NativeConstructorAccessorImpl.java:62)
	at java.base/jdk.internal.reflect.DelegatingConstructorAccessorImpl.newInstance(DelegatingConstructorAccessorImpl.java:45)
	at java.base/java.lang.reflect.Constructor.newInstanceWithCaller(Constructor.java:500)
	at java.base/java.lang.reflect.Constructor.newInstance(Constructor.java:481)
	at io.cucumber.core.runtime.ObjectFactoryServiceLoader$DefaultJavaObjectFactory.cacheNewInstance(ObjectFactoryServiceLoader.java:129)
	... 39 more
Caused by: org.openqa.selenium.WebDriverException: unknown error: DevToolsActivePort file doesn't exist
Build info: version: '3.141.59', revision: 'e82be7d358', time: '2018-11-14T08:17:03'
System info: host: 'MSTFs-MBP', ip: '192.168.1.39', os.name: 'Mac OS X', os.arch: 'x86_64', os.version: '10.15.6', java.version: '14.0.1'
Driver info: driver.version: Driver
remote stacktrace: 0   chromedriver                        0x00000001103ef1b9 chromedriver + 4911545
1   chromedriver                        0x000000011038ee03 chromedriver + 4517379
2   chromedriver                        0x000000010fffcdc6 chromedriver + 773574
3   chromedriver                        0x000000010ff57a66 chromedriver + 96870
4   chromedriver                        0x000000010ff54cd6 chromedriver + 85206
5   chromedriver                        0x000000010ff83716 chromedriver + 276246
6   chromedriver                        0x000000010ff80723 chromedriver + 263971
7   chromedriver                        0x000000010ff5a720 chromedriver + 108320
8   chromedriver                        0x000000010ff5b693 chromedriver + 112275
9   chromedriver                        0x00000001103b7f72 chromedriver + 4685682
10  chromedriver                        0x00000001103c5b3a chromedriver + 4741946
11  chromedriver                        0x00000001103c5801 chromedriver + 4741121
12  chromedriver                        0x000000011039b25e chromedriver + 4567646
13  chromedriver                        0x00000001103c6061 chromedriver + 4743265
14  chromedriver                        0x00000001103acd0a chromedriver + 4640010
15  chromedriver                        0x00000001103df0ba chromedriver + 4845754
16  chromedriver                        0x00000001103f5387 chromedriver + 4936583
17  libsystem_pthread.dylib             0x00007fff70fde109 _pthread_start + 148
18  libsystem_pthread.dylib             0x00007fff70fd9b8b thread_start + 15

	at java.base/jdk.internal.reflect.NativeConstructorAccessorImpl.newInstance0(Native Method)
	at java.base/jdk.internal.reflect.NativeConstructorAccessorImpl.newInstance(NativeConstructorAccessorImpl.java:62)
	at java.base/jdk.internal.reflect.DelegatingConstructorAccessorImpl.newInstance(DelegatingConstructorAccessorImpl.java:45)
	at java.base/java.lang.reflect.Constructor.newInstanceWithCaller(Constructor.java:500)
	at java.base/java.lang.reflect.Constructor.newInstance(Constructor.java:481)
	at org.openqa.selenium.remote.W3CHandshakeResponse.lambda$errorHandler$0(W3CHandshakeResponse.java:62)
	at org.openqa.selenium.remote.HandshakeResponse.lambda$getResponseFunction$0(HandshakeResponse.java:30)
	at org.openqa.selenium.remote.ProtocolHandshake.lambda$createSession$0(ProtocolHandshake.java:126)
	at java.base/java.util.stream.ReferencePipeline$3$1.accept(ReferencePipeline.java:195)
	at java.base/java.util.Spliterators$ArraySpliterator.tryAdvance(Spliterators.java:958)
	at java.base/java.util.stream.ReferencePipeline.forEachWithCancel(ReferencePipeline.java:127)
	at java.base/java.util.stream.AbstractPipeline.copyIntoWithCancel(AbstractPipeline.java:502)
	at java.base/java.util.stream.AbstractPipeline.copyInto(AbstractPipeline.java:488)
	at java.base/java.util.stream.AbstractPipeline.wrapAndCopyInto(AbstractPipeline.java:474)
	at java.base/java.util.stream.FindOps$FindOp.evaluateSequential(FindOps.java:150)
	at java.base/java.util.stream.AbstractPipeline.evaluate(AbstractPipeline.java:234)
	at java.base/java.util.stream.ReferencePipeline.findFirst(ReferencePipeline.java:543)
	at org.openqa.selenium.remote.ProtocolHandshake.createSession(ProtocolHandshake.java:128)
	at org.openqa.selenium.remote.ProtocolHandshake.createSession(ProtocolHandshake.java:74)
	at org.openqa.selenium.remote.HttpCommandExecutor.execute(HttpCommandExecutor.java:136)
	at org.openqa.selenium.remote.service.DriverCommandExecutor.execute(DriverCommandExecutor.java:83)
	at org.openqa.selenium.remote.RemoteWebDriver.execute(RemoteWebDriver.java:552)
	at org.openqa.selenium.remote.RemoteWebDriver.startSession(RemoteWebDriver.java:213)
	at org.openqa.selenium.remote.RemoteWebDriver.<init>(RemoteWebDriver.java:131)
	at org.openqa.selenium.chrome.ChromeDriver.<init>(ChromeDriver.java:181)
	at org.openqa.selenium.chrome.ChromeDriver.<init>(ChromeDriver.java:168)
	at org.openqa.selenium.chrome.ChromeDriver.<init>(ChromeDriver.java:123)
	at utilities.Driver.getDriver(Driver.java:29)
	at pages.AmazonPage.<init>(AmazonPage.java:8)
	at stepdefinitions.AmazonStepDefinitions.<init>(AmazonStepDefinitions.java:9)
	... 45 more
]]></failure>
    </testcase>
</testsuite>
